<?xml version="1.0" encoding="UTF-8"?>
<!-- Generated by org.testng.reporters.JUnitReportReporter -->
<testsuite hostname="Arigala" failures="0" tests="5" name="testng.PriorityOrder" time="7.057" errors="0" timestamp="2022-10-26T16:35:59 IST" skipped="1">
  <testcase classname="testng.PriorityOrder" name="Apple" time="1.897"/>
  <system-out/>
  <testcase classname="testng.PriorityOrder" name="instagram" time="1.344"/>
  <system-out/>
  <testcase classname="testng.PriorityOrder" name="Amazon" time="2.231"/>
  <system-out/>
  <testcase classname="testng.PriorityOrder" name="gmail" time="1.585"/>
  <system-out/>
  <testcase classname="testng.PriorityOrder" name="google">
    <skipped/>
  </testcase> <!-- google -->
  <system-out/>
</testsuite> <!-- testng.PriorityOrder -->
