<?xml version="1.0" encoding="UTF-8"?>
<!-- Generated by org.testng.reporters.JUnitReportReporter -->
<testsuite hostname="Arigala" failures="0" tests="1" name="log4j.Log4jProgram1" time="1.092" errors="0" timestamp="2022-10-27T07:29:30 IST" skipped="0">
  <testcase classname="log4j.Log4jProgram1" name="f" time="1.092"/>
  <system-out/>
</testsuite> <!-- log4j.Log4jProgram1 -->
