<?xml version="1.0" encoding="UTF-8"?>
<!-- Generated by org.testng.reporters.JUnitReportReporter -->
<testsuite hostname="Arigala" failures="0" tests="4" name="testng.AlphabeticOrder" time="4.763" errors="0" timestamp="2022-10-26T16:36:25 IST" skipped="1">
  <testcase classname="testng.AlphabeticOrder" name="google" time="1.004"/>
  <system-out/>
  <testcase classname="testng.AlphabeticOrder" name="instagram" time="1.355"/>
  <system-out/>
  <testcase classname="testng.AlphabeticOrder" name="Amazon" time="2.404"/>
  <system-out/>
  <testcase classname="testng.AlphabeticOrder" name="Apple">
    <skipped/>
  </testcase> <!-- Apple -->
  <system-out/>
</testsuite> <!-- testng.AlphabeticOrder -->
